<?xml version="1.0" encoding="UTF-8"?>
<testng-results ignored="0" total="1" passed="1" failed="0" skipped="0">
  <reporter-output>
  </reporter-output>
  <suite started-at="2023-11-01T15:11:44 IST" name="Default suite" finished-at="2023-11-01T15:11:48 IST" duration-ms="4694">
    <groups>
    </groups>
    <test started-at="2023-11-01T15:11:44 IST" name="Default test" finished-at="2023-11-01T15:11:48 IST" duration-ms="4694">
      <class name="testpkg.Fblogintest">
        <test-method is-config="true" signature="setUp()[pri:0, instance:testpkg.Fblogintest@6c1a5b54]" started-at="2023-11-01T15:11:44 IST" name="setUp" finished-at="2023-11-01T15:11:48 IST" duration-ms="4419" status="PASS">
          <reporter-output>
          </reporter-output>
        </test-method> <!-- setUp -->
        <test-method signature="test()[pri:0, instance:testpkg.Fblogintest@6c1a5b54]" started-at="2023-11-01T15:11:48 IST" name="test" finished-at="2023-11-01T15:11:48 IST" duration-ms="227" status="PASS">
          <reporter-output>
          </reporter-output>
        </test-method> <!-- test -->
      </class> <!-- testpkg.Fblogintest -->
    </test> <!-- Default test -->
  </suite> <!-- Default suite -->
</testng-results>
